# JRE version: OpenJDK Runtime Environment (8.0_112-b06) (build 1.8.0_112-release-b06)
# Java VM: OpenJDK 64-Bit Server VM (25.112-b06 mixed mode windows-amd64 compressed oops)
Heap:
 PSYoungGen      total 369664K, used 63729K [0x00000000e0000000, 0x00000000fe400000, 0x0000000100000000)
  eden space 313344K, 10% used [0x00000000e0000000,0x00000000e1fb1960,0x00000000f3200000)
  from space 56320K, 55% used [0x00000000f3200000,0x00000000f508ab68,0x00000000f6900000)
  to   space 55296K, 0% used [0x00000000fae00000,0x00000000fae00000,0x00000000fe400000)
 ParOldGen       total 154112K, used 89853K [0x00000000a0000000, 0x00000000a9680000, 0x00000000e0000000)
  object space 154112K, 58% used [0x00000000a0000000,0x00000000a57bf470,0x00000000a9680000)
 Metaspace       used 82994K, capacity 88176K, committed 88448K, reserved 1126400K
  class space    used 10554K, capacity 11372K, committed 11392K, reserved 1048576K
GC Heap History (10 events):
Event: 7473.252 GC heap before
{Heap before GC invocations=34 (full 3):
 PSYoungGen      total 233472K, used 233442K [0x00000000e0000000, 0x00000000f0e80000, 0x0000000100000000)
  eden space 203264K, 100% used [0x00000000e0000000,0x00000000ec680000,0x00000000ec680000)
  from space 30208K, 99% used [0x00000000ee880000,0x00000000f05f8860,0x00000000f0600000)
  to   space 34816K, 0% used [0x00000000ec680000,0x00000000ec680000,0x00000000ee880000)
 ParOldGen       total 154112K, used 52135K [0x00000000a0000000, 0x00000000a9680000, 0x00000000e0000000)
  object space 154112K, 33% used [0x00000000a0000000,0x00000000a32e9f98,0x00000000a9680000)
 Metaspace       used 81231K, capacity 86056K, committed 86272K, reserved 1124352K
  class space    used 10352K, capacity 11170K, committed 11264K, reserved 1048576K
Event: 7473.374 GC heap after
Heap after GC invocations=34 (full 3):
 PSYoungGen      total 238080K, used 34791K [0x00000000e0000000, 0x00000000f5f80000, 0x0000000100000000)
  eden space 203264K, 0% used [0x00000000e0000000,0x00000000e0000000,0x00000000ec680000)
  from space 34816K, 99% used [0x00000000ec680000,0x00000000ee879c58,0x00000000ee880000)
  to   space 49664K, 0% used [0x00000000f2f00000,0x00000000f2f00000,0x00000000f5f80000)
 ParOldGen       total 154112K, used 79555K [0x00000000a0000000, 0x00000000a9680000, 0x00000000e0000000)
  object space 154112K, 51% used [0x00000000a0000000,0x00000000a4db0db0,0x00000000a9680000)
 Metaspace       used 81231K, capacity 86056K, committed 86272K, reserved 1124352K
  class space    used 10352K, capacity 11170K, committed 11264K, reserved 1048576K
}
Event: 7474.940 GC heap before
{Heap before GC invocations=35 (full 3):
 PSYoungGen      total 238080K, used 238055K [0x00000000e0000000, 0x00000000f5f80000, 0x0000000100000000)
  eden space 203264K, 100% used [0x00000000e0000000,0x00000000ec680000,0x00000000ec680000)
  from space 34816K, 99% used [0x00000000ec680000,0x00000000ee879c58,0x00000000ee880000)
  to   space 49664K, 0% used [0x00000000f2f00000,0x00000000f2f00000,0x00000000f5f80000)
 ParOldGen       total 154112K, used 79555K [0x00000000a0000000, 0x00000000a9680000, 0x00000000e0000000)
  object space 154112K, 51% used [0x00000000a0000000,0x00000000a4db0db0,0x00000000a9680000)
 Metaspace       used 81415K, capacity 86184K, committed 86528K, reserved 1124352K
  class space    used 10353K, capacity 11170K, committed 11264K, reserved 1048576K
Event: 7475.054 GC heap after
Heap after GC invocations=35 (full 3):
 PSYoungGen      total 303616K, used 48045K [0x00000000e0000000, 0x00000000f6c00000, 0x0000000100000000)
  eden space 253952K, 0% used [0x00000000e0000000,0x00000000e0000000,0x00000000ef800000)
  from space 49664K, 96% used [0x00000000f2f00000,0x00000000f5deb570,0x00000000f5f80000)
  to   space 56320K, 0% used [0x00000000ef800000,0x00000000ef800000,0x00000000f2f00000)
 ParOldGen       total 154112K, used 80059K [0x00000000a0000000, 0x00000000a9680000, 0x00000000e0000000)
  object space 154112K, 51% used [0x00000000a0000000,0x00000000a4e2edb0,0x00000000a9680000)
 Metaspace       used 81415K, capacity 86184K, committed 86528K, reserved 1124352K
  class space    used 10353K, capacity 11170K, committed 11264K, reserved 1048576K
}
Event: 7479.827 GC heap before
{Heap before GC invocations=36 (full 3):
 PSYoungGen      total 303616K, used 301997K [0x00000000e0000000, 0x00000000f6c00000, 0x0000000100000000)
  eden space 253952K, 100% used [0x00000000e0000000,0x00000000ef800000,0x00000000ef800000)
  from space 49664K, 96% used [0x00000000f2f00000,0x00000000f5deb570,0x00000000f5f80000)
  to   space 56320K, 0% used [0x00000000ef800000,0x00000000ef800000,0x00000000f2f00000)
 ParOldGen       total 154112K, used 80059K [0x00000000a0000000, 0x00000000a9680000, 0x00000000e0000000)
  object space 154112K, 51% used [0x00000000a0000000,0x00000000a4e2edb0,0x00000000a9680000)
 Metaspace       used 82320K, capacity 87156K, committed 87424K, reserved 1126400K
  class space    used 10483K, capacity 11316K, committed 11392K, reserved 1048576K
Event: 7479.888 GC heap after
Heap after GC invocations=36 (full 3):
 PSYoungGen      total 310272K, used 38700K [0x00000000e0000000, 0x00000000fa200000, 0x0000000100000000)
  eden space 253952K, 0% used [0x00000000e0000000,0x00000000e0000000,0x00000000ef800000)
  from space 56320K, 68% used [0x00000000ef800000,0x00000000f1dcb118,0x00000000f2f00000)
  to   space 58368K, 0% used [0x00000000f6900000,0x00000000f6900000,0x00000000fa200000)
 ParOldGen       total 154112K, used 84056K [0x00000000a0000000, 0x00000000a9680000, 0x00000000e0000000)
  object space 154112K, 54% used [0x00000000a0000000,0x00000000a52163f0,0x00000000a9680000)
 Metaspace       used 82320K, capacity 87156K, committed 87424K, reserved 1126400K
  class space    used 10483K, capacity 11316K, committed 11392K, reserved 1048576K
}
Event: 7480.050 GC heap before
{Heap before GC invocations=37 (full 3):
 PSYoungGen      total 310272K, used 292302K [0x00000000e0000000, 0x00000000fa200000, 0x0000000100000000)
  eden space 253952K, 99% used [0x00000000e0000000,0x00000000ef7a8810,0x00000000ef800000)
  from space 56320K, 68% used [0x00000000ef800000,0x00000000f1dcb118,0x00000000f2f00000)
  to   space 58368K, 0% used [0x00000000f6900000,0x00000000f6900000,0x00000000fa200000)
 ParOldGen       total 154112K, used 84056K [0x00000000a0000000, 0x00000000a9680000, 0x00000000e0000000)
  object space 154112K, 54% used [0x00000000a0000000,0x00000000a52163f0,0x00000000a9680000)
 Metaspace       used 82378K, capacity 87240K, committed 87424K, reserved 1126400K
  class space    used 10484K, capacity 11318K, committed 11392K, reserved 1048576K
Event: 7480.117 GC heap after
Heap after GC invocations=37 (full 3):
 PSYoungGen      total 369664K, used 29611K [0x00000000e0000000, 0x00000000fa000000, 0x0000000100000000)
  eden space 313344K, 0% used [0x00000000e0000000,0x00000000e0000000,0x00000000f3200000)
  from space 56320K, 52% used [0x00000000f6900000,0x00000000f85eaea8,0x00000000fa000000)
  to   space 56320K, 0% used [0x00000000f3200000,0x00000000f3200000,0x00000000f6900000)
 ParOldGen       total 154112K, used 89837K [0x00000000a0000000, 0x00000000a9680000, 0x00000000e0000000)
  object space 154112K, 58% used [0x00000000a0000000,0x00000000a57bb470,0x00000000a9680000)
 Metaspace       used 82378K, capacity 87240K, committed 87424K, reserved 1126400K
  class space    used 10484K, capacity 11318K, committed 11392K, reserved 1048576K
}
Event: 7685.178 GC heap before
{Heap before GC invocations=38 (full 3):
 PSYoungGen      total 369664K, used 342955K [0x00000000e0000000, 0x00000000fa000000, 0x0000000100000000)
  eden space 313344K, 100% used [0x00000000e0000000,0x00000000f3200000,0x00000000f3200000)
  from space 56320K, 52% used [0x00000000f6900000,0x00000000f85eaea8,0x00000000fa000000)
  to   space 56320K, 0% used [0x00000000f3200000,0x00000000f3200000,0x00000000f6900000)
 ParOldGen       total 154112K, used 89837K [0x00000000a0000000, 0x00000000a9680000, 0x00000000e0000000)
  object space 154112K, 58% used [0x00000000a0000000,0x00000000a57bb470,0x00000000a9680000)
 Metaspace       used 82919K, capacity 88102K, committed 88192K, reserved 1126400K
  class space    used 10554K, capacity 11371K, committed 11392K, reserved 1048576K
Event: 7685.254 GC heap after
Heap after GC invocations=38 (full 3):
 PSYoungGen      total 369664K, used 31274K [0x00000000e0000000, 0x00000000fe400000, 0x0000000100000000)
  eden space 313344K, 0% used [0x00000000e0000000,0x00000000e0000000,0x00000000f3200000)
  from space 56320K, 55% used [0x00000000f3200000,0x00000000f508ab68,0x00000000f6900000)
  to   space 55296K, 0% used [0x00000000fae00000,0x00000000fae00000,0x00000000fe400000)
 ParOldGen       total 154112K, used 89853K [0x00000000a0000000, 0x00000000a9680000, 0x00000000e0000000)
  object space 154112K, 58% used [0x00000000a0000000,0x00000000a57bf470,0x00000000a9680000)
 Metaspace       used 82919K, capacity 88102K, committed 88192K, reserved 1126400K
  class space    used 10554K, capacity 11371K, committed 11392K, reserved 1048576K
}

